[ 2016-11-27T16:49:14+08:00 ] 127.0.0.1 /
INFO: [ app_init ] --START--
INFO: Run Behavior\BuildLiteBehavior [ RunTime:0.000043s ]
INFO: [ app_init ] --END-- [ RunTime:0.002076s ]
INFO: [ app_begin ] --START--
INFO: Run Behavior\ReadHtmlCacheBehavior [ RunTime:0.001050s ]
INFO: [ app_begin ] --END-- [ RunTime:0.001456s ]
INFO: [ view_parse ] --START--
INFO: [ template_filter ] --START--
INFO: Run Behavior\ContentReplaceBehavior [ RunTime:0.000066s ]
INFO: [ template_filter ] --END-- [ RunTime:0.000167s ]
NOTIC: [8] Undefined variable: navinfor D:\WWW\mynet\Runtime\Cache\Home\400c995c330f1f6ecac6b9102849eb7e.php 第 6 行.
NOTIC: [8] Undefined variable: picarr D:\WWW\mynet\Runtime\Cache\Home\400c995c330f1f6ecac6b9102849eb7e.php 第 6 行.
NOTIC: [2] Invalid argument supplied for foreach() D:\WWW\mynet\Runtime\Cache\Home\400c995c330f1f6ecac6b9102849eb7e.php 第 6 行.
INFO: Run Behavior\ParseTemplateBehavior [ RunTime:0.039818s ]
INFO: [ view_parse ] --END-- [ RunTime:0.039888s ]
INFO: [ view_filter ] --START--
INFO: Run Behavior\WriteHtmlCacheBehavior [ RunTime:0.000845s ]
INFO: [ view_filter ] --END-- [ RunTime:0.000902s ]
INFO: [ app_end ] --START--
INFO: Run Behavior\ShowPageTraceBehavior [ RunTime:0.000953s ]
INFO: [ app_end ] --END-- [ RunTime:0.001028s ]

